0 info it worked if it ends with ok
1 verbose cli [ '/usr/bin/node', '/usr/bin/npm', 'run', 'test' ]
2 info using npm@3.5.2
3 info using node@v8.10.0
4 verbose run-script [ 'pretest', 'test', 'posttest' ]
5 info lifecycle simple-todos@~pretest: simple-todos@
6 silly lifecycle simple-todos@~pretest: no script for pretest, continuing
7 info lifecycle simple-todos@~test: simple-todos@
8 verbose lifecycle simple-todos@~test: unsafe-perm in lifecycle true
9 verbose lifecycle simple-todos@~test: PATH: /usr/share/npm/bin/node-gyp-bin:/home/nguyen/simple-todos/node_modules/.bin:/usr/local/sbin:/usr/local/bin:/usr/sbin:/usr/bin:/sbin:/bin:/usr/games:/usr/local/games:/snap/bin
10 verbose lifecycle simple-todos@~test: CWD: /home/nguyen/simple-todos
11 silly lifecycle simple-todos@~test: Args: [ '-c',
11 silly lifecycle   'meteor test --once --allow-superuser --driver-package meteortesting:mocha' ]
12 silly lifecycle simple-todos@~test: Returned: code: 254  signal: null
13 info lifecycle simple-todos@~test: Failed to exec test script
14 verbose stack Error: simple-todos@ test: `meteor test --once --allow-superuser --driver-package meteortesting:mocha`
14 verbose stack Exit status 254
14 verbose stack     at EventEmitter.<anonymous> (/usr/share/npm/lib/utils/lifecycle.js:232:16)
14 verbose stack     at emitTwo (events.js:126:13)
14 verbose stack     at EventEmitter.emit (events.js:214:7)
14 verbose stack     at ChildProcess.<anonymous> (/usr/share/npm/lib/utils/spawn.js:24:14)
14 verbose stack     at emitTwo (events.js:126:13)
14 verbose stack     at ChildProcess.emit (events.js:214:7)
14 verbose stack     at maybeClose (internal/child_process.js:925:16)
14 verbose stack     at Process.ChildProcess._handle.onexit (internal/child_process.js:209:5)
15 verbose pkgid simple-todos@
16 verbose cwd /home/nguyen/simple-todos
17 error Linux 5.3.0-61-generic
18 error argv "/usr/bin/node" "/usr/bin/npm" "run" "test"
19 error node v8.10.0
20 error npm  v3.5.2
21 error code ELIFECYCLE
22 error simple-todos@ test: `meteor test --once --allow-superuser --driver-package meteortesting:mocha`
22 error Exit status 254
23 error Failed at the simple-todos@ test script 'meteor test --once --allow-superuser --driver-package meteortesting:mocha'.
23 error Make sure you have the latest version of node.js and npm installed.
23 error If you do, this is most likely a problem with the simple-todos package,
23 error not with npm itself.
23 error Tell the author that this fails on your system:
23 error     meteor test --once --allow-superuser --driver-package meteortesting:mocha
23 error You can get information on how to open an issue for this project with:
23 error     npm bugs simple-todos
23 error Or if that isn't available, you can get their info via:
23 error     npm owner ls simple-todos
23 error There is likely additional logging output above.
24 verbose exit [ 1, true ]
